<?xml version="1.0" encoding="UTF-8"?>
<robot generator="Robot 7.3.2 (Python 3.13.7 on win32)" generated="2025-08-28T23:55:22.375409" rpa="false" schemaversion="5">
<suite id="s1" name="Open Google" source="D:\Learning\RobotFramework\robot_ci_projects\results\..\tests\open_google.robot">
<test id="s1-t1" name="Verify Google Homepage Load" line="6">
<kw name="Open Google" owner="common_keywords" type="SETUP">
<kw name="Open Browser" owner="SeleniumLibrary">
<msg time="2025-08-28T23:55:22.519528" level="INFO">Opening browser 'chrome' to base url 'https://google.com'.</msg>
<arg>${url}</arg>
<arg>chrome</arg>
<doc>Opens a new browser instance to the optional ``url``.</doc>
<status status="PASS" start="2025-08-28T23:55:22.519391" elapsed="1.895811"/>
</kw>
<kw name="Maximize Browser Window" owner="SeleniumLibrary">
<doc>Maximizes current browser window.</doc>
<status status="PASS" start="2025-08-28T23:55:24.415374" elapsed="0.025767"/>
</kw>
<arg>https://google.com</arg>
<status status="PASS" start="2025-08-28T23:55:22.518994" elapsed="1.922243"/>
</kw>
<kw name="Verify Title" owner="common_keywords">
<kw name="Get Title" owner="SeleniumLibrary">
<msg time="2025-08-28T23:55:24.443549" level="INFO">${title} = Google</msg>
<var>${title}</var>
<doc>Returns the title of the current page.</doc>
<status status="PASS" start="2025-08-28T23:55:24.441572" elapsed="0.002013"/>
</kw>
<kw name="Should Contain" owner="BuiltIn">
<arg>${title}</arg>
<arg>${expected_title}</arg>
<doc>Fails if ``container`` does not contain ``item`` one or more times.</doc>
<status status="PASS" start="2025-08-28T23:55:24.443690" elapsed="0.000119"/>
</kw>
<arg>Google</arg>
<status status="PASS" start="2025-08-28T23:55:24.441384" elapsed="0.002475"/>
</kw>
<kw name="Close Browser Session" owner="common_keywords" type="TEARDOWN">
<kw name="Close Browser" owner="SeleniumLibrary">
<doc>Closes the current browser.</doc>
<status status="PASS" start="2025-08-28T23:55:24.444109" elapsed="2.062685"/>
</kw>
<status status="PASS" start="2025-08-28T23:55:24.443981" elapsed="2.062937"/>
</kw>
<status status="PASS" start="2025-08-28T23:55:22.518634" elapsed="3.988337"/>
</test>
<test id="s1-t2" name="Verify Search Functionality" line="12">
<kw name="Open Google" owner="common_keywords" type="SETUP">
<kw name="Open Browser" owner="SeleniumLibrary">
<msg time="2025-08-28T23:55:26.507944" level="INFO">Opening browser 'chrome' to base url 'https://google.com'.</msg>
<arg>${url}</arg>
<arg>chrome</arg>
<doc>Opens a new browser instance to the optional ``url``.</doc>
<status status="PASS" start="2025-08-28T23:55:26.507781" elapsed="1.753288"/>
</kw>
<kw name="Maximize Browser Window" owner="SeleniumLibrary">
<doc>Maximizes current browser window.</doc>
<status status="PASS" start="2025-08-28T23:55:28.261207" elapsed="0.023166"/>
</kw>
<arg>https://google.com</arg>
<status status="PASS" start="2025-08-28T23:55:26.507541" elapsed="1.776921"/>
</kw>
<kw name="Search With Wait" owner="common_keywords">
<kw name="Wait Until Element Is Visible" owner="SeleniumLibrary">
<arg>name=q</arg>
<arg>timeout=10s</arg>
<doc>Waits until the element ``locator`` is visible.</doc>
<status status="PASS" start="2025-08-28T23:55:28.284781" elapsed="0.008998"/>
</kw>
<kw name="Input Text" owner="SeleniumLibrary">
<msg time="2025-08-28T23:55:28.294036" level="INFO">Typing text 'Robot Framework' into text field 'name=q'.</msg>
<arg>name=q</arg>
<arg>Robot Framework</arg>
<doc>Types the given ``text`` into the text field identified by ``locator``.</doc>
<status status="PASS" start="2025-08-28T23:55:28.293905" elapsed="0.043914"/>
</kw>
<kw name="Press Keys" owner="SeleniumLibrary">
<msg time="2025-08-28T23:55:28.338233" level="INFO">Sending key(s) ('RETURN',) to name=q element.</msg>
<msg time="2025-08-28T23:55:28.615044" level="INFO">Pressing special key RETURN to element.</msg>
<msg time="2025-08-28T23:55:28.615104" level="INFO">Releasing special key RETURN.</msg>
<arg>name=q</arg>
<arg>RETURN</arg>
<doc>Simulates the user pressing key(s) to an element or on the active browser.</doc>
<status status="PASS" start="2025-08-28T23:55:28.337956" elapsed="1.464858"/>
</kw>
<kw name="Wait Until Page Contains" owner="SeleniumLibrary">
<msg time="2025-08-28T23:55:40.034863" level="INFO" html="true">&lt;/td&gt;&lt;/tr&gt;&lt;tr&gt;&lt;td colspan="3"&gt;&lt;a href="selenium-screenshot-1.png"&gt;&lt;img src="selenium-screenshot-1.png" width="800px"&gt;&lt;/a&gt;</msg>
<msg time="2025-08-28T23:55:40.034984" level="FAIL">Text 'Robot Framework' did not appear in 10 seconds.</msg>
<arg>Robot Framework</arg>
<arg>timeout=10s</arg>
<doc>Waits until ``text`` appears on the current page.</doc>
<status status="FAIL" start="2025-08-28T23:55:29.802949" elapsed="10.233155">Text 'Robot Framework' did not appear in 10 seconds.</status>
</kw>
<kw name="Get Title" owner="SeleniumLibrary">
<var>${title}</var>
<doc>Returns the title of the current page.</doc>
<status status="NOT RUN" start="2025-08-28T23:55:40.036240" elapsed="0.000022"/>
</kw>
<kw name="Should Contain" owner="BuiltIn">
<arg>${title}</arg>
<arg>${expected_title}</arg>
<doc>Fails if ``container`` does not contain ``item`` one or more times.</doc>
<status status="NOT RUN" start="2025-08-28T23:55:40.036326" elapsed="0.000015"/>
</kw>
<kw name="Close Browser" owner="SeleniumLibrary">
<doc>Closes the current browser.</doc>
<status status="NOT RUN" start="2025-08-28T23:55:40.036393" elapsed="0.000012"/>
</kw>
<arg>Robot Framework</arg>
<doc>Opens a browser, searches for "Robot Framework" on the given URL, and verifies the page title contains the expected text.</doc>
<status status="FAIL" start="2025-08-28T23:55:28.284605" elapsed="11.751870">Text 'Robot Framework' did not appear in 10 seconds.</status>
</kw>
<kw name="Close Browser Session" owner="common_keywords" type="TEARDOWN">
<kw name="Close Browser" owner="SeleniumLibrary">
<doc>Closes the current browser.</doc>
<status status="PASS" start="2025-08-28T23:55:40.036765" elapsed="2.070831"/>
</kw>
<status status="PASS" start="2025-08-28T23:55:40.036629" elapsed="2.071143"/>
</kw>
<status status="FAIL" start="2025-08-28T23:55:26.507243" elapsed="15.600617">Text 'Robot Framework' did not appear in 10 seconds.</status>
</test>
<test id="s1-t3" name="Verify Search Using Gherkin Style" line="18">
<kw name="Given Browser is open to Bing" owner="common_keywords">
<kw name="Open Browser" owner="SeleniumLibrary">
<msg time="2025-08-28T23:55:42.109216" level="INFO">Opening browser 'chrome' to base url 'https://bing.com'.</msg>
<arg>https://bing.com</arg>
<arg>chrome</arg>
<doc>Opens a new browser instance to the optional ``url``.</doc>
<status status="PASS" start="2025-08-28T23:55:42.109021" elapsed="1.331831"/>
</kw>
<kw name="Maximize Browser Window" owner="SeleniumLibrary">
<doc>Maximizes current browser window.</doc>
<status status="PASS" start="2025-08-28T23:55:43.440991" elapsed="0.035531"/>
</kw>
<status status="PASS" start="2025-08-28T23:55:42.108706" elapsed="1.367897"/>
</kw>
<kw name="When User searches for &quot;Gherkin&quot;" owner="common_keywords" source_name="User searches for &quot;${term}&quot;">
<kw name="Input Text" owner="SeleniumLibrary">
<msg time="2025-08-28T23:55:43.477143" level="INFO">Typing text 'Gherkin' into text field 'name=q'.</msg>
<arg>name=q</arg>
<arg>${term}</arg>
<doc>Types the given ``text`` into the text field identified by ``locator``.</doc>
<status status="PASS" start="2025-08-28T23:55:43.476975" elapsed="0.030633"/>
</kw>
<kw name="Press Keys" owner="SeleniumLibrary">
<msg time="2025-08-28T23:55:43.507977" level="INFO">Sending key(s) ('RETURN',) to name=q element.</msg>
<msg time="2025-08-28T23:55:43.780861" level="INFO">Pressing special key RETURN to element.</msg>
<msg time="2025-08-28T23:55:43.780916" level="INFO">Releasing special key RETURN.</msg>
<arg>name=q</arg>
<arg>RETURN</arg>
<doc>Simulates the user pressing key(s) to an element or on the active browser.</doc>
<status status="PASS" start="2025-08-28T23:55:43.507741" elapsed="0.278367"/>
</kw>
<status status="PASS" start="2025-08-28T23:55:43.476761" elapsed="0.309529"/>
</kw>
<kw name="Then Page Should Contain &quot;Gherkin&quot;" owner="common_keywords" source_name="Page Should Contain &quot;${term}&quot;">
<kw name="Page Should Contain" owner="SeleniumLibrary">
<msg time="2025-08-28T23:55:43.793683" level="INFO">Current page contains text 'Gherkin'.</msg>
<arg>${term}</arg>
<doc>Verifies that current page contains ``text``.</doc>
<status status="PASS" start="2025-08-28T23:55:43.786632" elapsed="0.007120"/>
</kw>
<status status="PASS" start="2025-08-28T23:55:43.786445" elapsed="0.007372"/>
</kw>
<status status="PASS" start="2025-08-28T23:55:42.108257" elapsed="1.685647"/>
</test>
<status status="FAIL" start="2025-08-28T23:55:22.376176" elapsed="21.418046"/>
</suite>
<statistics>
<total>
<stat pass="2" fail="1" skip="0">All Tests</stat>
</total>
<tag>
</tag>
<suite>
<stat name="Open Google" id="s1" pass="2" fail="1" skip="0">Open Google</stat>
</suite>
</statistics>
<errors>
</errors>
</robot>
